<?xml version="1.0" encoding="UTF-8"?>
<testng-results ignored="0" total="1" passed="1" failed="0" skipped="0">
  <reporter-output>
  </reporter-output>
  <suite started-at="2024-08-04T22:55:28 IST" name="Suite" finished-at="2024-08-04T22:55:39 IST" duration-ms="10377">
    <groups>
    </groups>
    <test started-at="2024-08-04T22:55:28 IST" name="Test" finished-at="2024-08-04T22:55:39 IST" duration-ms="10377">
      <class name="com.fitpeo.AutomationTestAssignment.TestCases.AssignmentTest">
        <test-method is-config="true" signature="setUp()[pri:0, instance:com.fitpeo.AutomationTestAssignment.TestCases.AssignmentTest@d9345cd]" started-at="2024-08-04T22:55:28 IST" name="setUp" finished-at="2024-08-04T22:55:33 IST" duration-ms="4706" status="PASS">
          <reporter-output>
          </reporter-output>
        </test-method> <!-- setUp -->
        <test-method signature="assignmentTest()[pri:0, instance:com.fitpeo.AutomationTestAssignment.TestCases.AssignmentTest@d9345cd]" started-at="2024-08-04T22:55:33 IST" name="assignmentTest" finished-at="2024-08-04T22:55:39 IST" duration-ms="5350" status="PASS">
          <reporter-output>
          </reporter-output>
        </test-method> <!-- assignmentTest -->
        <test-method is-config="true" signature="tearDown()[pri:0, instance:com.fitpeo.AutomationTestAssignment.TestCases.AssignmentTest@d9345cd]" started-at="2024-08-04T22:55:39 IST" name="tearDown" finished-at="2024-08-04T22:55:39 IST" duration-ms="225" status="PASS">
          <reporter-output>
          </reporter-output>
        </test-method> <!-- tearDown -->
      </class> <!-- com.fitpeo.AutomationTestAssignment.TestCases.AssignmentTest -->
    </test> <!-- Test -->
  </suite> <!-- Suite -->
</testng-results>
